[debug] > Exec(early(addDefaultCommands), None, None)
[debug] > Exec(addDefaultCommands, None, None)
[debug] > Exec(early(initialize), None, None)
[debug] > Exec(initialize, None, None)
[debug] > Exec(boot, None, None)
[debug] > Exec(writeSbtVersion, None, None)
[debug] > Exec(reload, None, None)
[debug] > Exec(sbtStashOnFailure, None, None)
[debug] > Exec(onFailure loadFailed, None, None)
[debug] > Exec(loadp, None, None)
[info] welcome to sbt 1.11.7 (Azul Systems, Inc. Java 17.0.14)
[debug] Load.defaultLoad until apply took 183.1355ms
[debug]           Load.loadUnit: plugins took 124.3433ms
[debug]           Load.loadUnit: defsScala took 1.0412ms
[debug] [Loading] Scanning directory C:\Users\Кирил\IdeaProjects\Purchases\project
[debug] [Loading] Found non-root projects 
[debug] [Loading] Done in C:\Users\Кирил\IdeaProjects\Purchases\project, returning: ()
[debug] deducing auto plugins based on known facts Set(Atom(sbt.plugins.CorePlugin)) and clauses Clauses(Clause(Atom(sbt.plugins.JvmPlugin),Set(Atom(sbt.plugins.IvyPlugin)))
[debug] Clause(Atom(sbt.ScriptedPlugin),Set(Atom(sbt.plugins.JvmPlugin)))
[debug] Clause(Atom(sbt.plugins.SbtPlugin),Set(Atom(sbt.ScriptedPlugin)))
[debug] Clause(Atom(sbt.plugins.SemanticdbPlugin),Set(Atom(sbt.plugins.JvmPlugin)))
[debug] Clause(Atom(sbt.plugins.JUnitXmlReportPlugin),Set(Atom(sbt.plugins.JvmPlugin)))
[debug] Clause(Atom(sbt.plugins.MiniDependencyTreePlugin),Set(Atom(sbt.plugins.JvmPlugin)))
[debug] Clause(Atom(sbt.plugins.CorePlugin),Set(Atom(sbt.plugins.IvyPlugin)))
[debug] Clause(Atom(sbt.plugins.IvyPlugin),Set(Atom(sbt.plugins.JvmPlugin)))
[debug] Clause(Atom(sbt.plugins.JvmPlugin),Set(Atom(sbt.plugins.SemanticdbPlugin)))
[debug] Clause(Atom(sbt.plugins.JvmPlugin),Set(Atom(sbt.plugins.JUnitXmlReportPlugin)))
[debug] Clause(Atom(sbt.plugins.CorePlugin),Set(Atom(sbt.plugins.Giter8TemplatePlugin)))
[debug] Clause(Atom(sbt.plugins.JvmPlugin),Set(Atom(sbt.plugins.MiniDependencyTreePlugin))))
[debug]   :: deduced result: Matched(sbt.plugins.CorePlugin,sbt.plugins.Giter8TemplatePlugin,sbt.plugins.IvyPlugin,sbt.plugins.JvmPlugin,sbt.plugins.MiniDependencyTreePlugin,sbt.plugins.JUnitXmlReportPlugin,sbt.plugins.SemanticdbPlugin)
[debug] Plugins.deducer#function took 17.8056 ms
[debug]               Load.resolveProject(purchases-build) took 60.1808ms
[debug]             Load.loadTransitive: finalizeProject(Project(id purchases-build, base: C:\Users\Кирил\IdeaProjects\Purchases\project, plugins: List(<none>))) took 103.2182ms
[debug] [Loading] Done in C:\Users\Кирил\IdeaProjects\Purchases\project, returning: (purchases-build)
[debug]           Load.loadUnit: loadedProjectsRaw took 150.7803ms
[debug]           Load.loadUnit: cleanEvalClasses took 0.3217ms
[debug]         Load.loadUnit(file:/C:/Users/Кирил/IdeaProjects/Purchases/project/, ...) took 288.1825ms
[debug]       Load.apply: load took 579.2398ms
[debug]       Load.apply: resolveProjects took 10.4804ms
[debug]       Load.apply: finalTransforms took 121.167ms
[debug]       Load.apply: config.delegates took 13.5171ms
[debug]       Load.apply: Def.make(settings)... took 588.7878ms
[debug]       Load.apply: structureIndex took 165.1523ms
[debug]       Load.apply: mkStreams took 4.3669ms
[info] loading project definition from C:\Users\Кирил\IdeaProjects\Purchases\project
[debug] Running task... Cancel: Signal, check cycles: false, forcegc: true
[debug]     Load.loadUnit: plugins took 2664.8052ms
[debug]     Load.loadUnit: defsScala took 0.0045ms
[debug] [Loading] Scanning directory C:\Users\Кирил\IdeaProjects\Purchases
[debug]       Load.loadUnit: mkEval took 6.2324ms
[debug] [Loading] Found non-root projects 
[debug] [Loading] Done in C:\Users\Кирил\IdeaProjects\Purchases, returning: ()
[debug] deducing auto plugins based on known facts Set(Atom(sbt.plugins.CorePlugin)) and clauses Clauses(Clause(Atom(sbt.plugins.JvmPlugin),Set(Atom(sbt.plugins.IvyPlugin)))
[debug] Clause(Atom(sbt.ScriptedPlugin),Set(Atom(sbt.plugins.JvmPlugin)))
[debug] Clause(Atom(sbt.plugins.SbtPlugin),Set(Atom(sbt.ScriptedPlugin)))
[debug] Clause(Atom(sbt.plugins.SemanticdbPlugin),Set(Atom(sbt.plugins.JvmPlugin)))
[debug] Clause(Atom(sbt.plugins.JUnitXmlReportPlugin),Set(Atom(sbt.plugins.JvmPlugin)))
[debug] Clause(Atom(sbt.plugins.MiniDependencyTreePlugin),Set(Atom(sbt.plugins.JvmPlugin)))
[debug] Clause(Atom(sbt.plugins.CorePlugin),Set(Atom(sbt.plugins.IvyPlugin)))
[debug] Clause(Atom(sbt.plugins.IvyPlugin),Set(Atom(sbt.plugins.JvmPlugin)))
[debug] Clause(Atom(sbt.plugins.JvmPlugin),Set(Atom(sbt.plugins.SemanticdbPlugin)))
[debug] Clause(Atom(sbt.plugins.JvmPlugin),Set(Atom(sbt.plugins.JUnitXmlReportPlugin)))
[debug] Clause(Atom(sbt.plugins.CorePlugin),Set(Atom(sbt.plugins.Giter8TemplatePlugin)))
[debug] Clause(Atom(sbt.plugins.JvmPlugin),Set(Atom(sbt.plugins.MiniDependencyTreePlugin))))
[debug]   :: deduced result: Matched(sbt.plugins.CorePlugin,sbt.plugins.Giter8TemplatePlugin,sbt.plugins.IvyPlugin,sbt.plugins.JvmPlugin,sbt.plugins.MiniDependencyTreePlugin,sbt.plugins.JUnitXmlReportPlugin,sbt.plugins.SemanticdbPlugin)
[debug] Plugins.deducer#function took 1.29 ms
[info] loading settings for project purchases from build.sbt...
[debug]         Load.resolveProject(purchases) took 8.32ms
[debug]       Load.loadTransitive: finalizeProject(Project(id purchases, base: C:\Users\Кирил\IdeaProjects\Purchases, plugins: List(<none>))) took 10.3378ms
[debug] [Loading] Done in C:\Users\Кирил\IdeaProjects\Purchases, returning: (purchases)
[debug]     Load.loadUnit: loadedProjectsRaw took 108.0357ms
[debug]     Load.loadUnit: cleanEvalClasses took 1.6216ms
[debug]   Load.loadUnit(file:/C:/Users/Кирил/IdeaProjects/Purchases/, ...) took 2776.9703ms
[debug] Load.apply: load took 2820.8539ms
[debug] Load.apply: resolveProjects took 0.1175ms
[debug] Load.apply: finalTransforms took 32.8358ms
[debug] Load.apply: config.delegates took 0.2868ms
[debug] Load.apply: Def.make(settings)... took 109.6662ms
[debug] Load.apply: structureIndex took 36.0546ms
[debug] Load.apply: mkStreams took 0.0023ms
[info] set current project to purchases (in build file:/C:/Users/Кирил/IdeaProjects/Purchases/)
[debug] > Exec(sbtPopOnFailure, None, None)
[debug] > Exec(resumeFromFailure, None, None)
[debug] > Exec(notifyUsersAboutShell, None, None)
[debug] > Exec(iflast shell, None, None)
[debug] > Exec(shell, None, None)
[info] sbt server started at local:sbt-server-0428f9723608ce3af9ff
[debug] Writing bsp connection file
